  main.cpp
C:\Program Files\Microsoft Visual Studio\2022\Community\VC\Tools\MSVC\14.32.31326\include\xutility(135,72): warning C4244: "inicjowanie": konwersja z "double" do "float", możliwa utrata danych
C:\Program Files\Microsoft Visual Studio\2022\Community\VC\Tools\MSVC\14.32.31326\include\xutility(134): message : zobacz odwołanie do kompilowanego tworzenia wystąpienia „_Ty *std::construct_at<_Ty,double&,double&,void>(_Ty *const ,double &,double &) noexcept(<expr>)” funkcji szablon
          with
          [
              _Ty=SDL_FPoint
          ]
C:\Program Files\Microsoft Visual Studio\2022\Community\VC\Tools\MSVC\14.32.31326\include\vector(813): message : zobacz odwołanie do kompilowanego tworzenia wystąpienia „void std::_Construct_in_place<SDL_FPoint,double&,double&>(_Ty &,double &,double &) noexcept” funkcji szablon
          with
          [
              _Ty=SDL_FPoint
          ]
C:\Program Files\Microsoft Visual Studio\2022\Community\VC\Tools\MSVC\14.32.31326\include\vector(800): message : zobacz odwołanie do kompilowanego tworzenia wystąpienia „_Ty &std::vector<_Ty,std::allocator<_Ty>>::_Emplace_back_with_unused_capacity<double&,double&>(double &,double &)” funkcji szablon
          with
          [
              _Ty=SDL_FPoint
          ]
C:\Program Files\Microsoft Visual Studio\2022\Community\VC\Tools\MSVC\14.32.31326\include\vector(806): message : zobacz odwołanie do kompilowanego tworzenia wystąpienia „_Ty &std::vector<_Ty,std::allocator<_Ty>>::_Emplace_back_with_unused_capacity<double&,double&>(double &,double &)” funkcji szablon
          with
          [
              _Ty=SDL_FPoint
          ]
C:\Program Files\Microsoft Visual Studio\2022\Community\VC\Tools\MSVC\14.32.31326\include\vector(886): message : zobacz odwołanie do kompilowanego tworzenia wystąpienia „_Ty &std::vector<_Ty,std::allocator<_Ty>>::_Emplace_one_at_back<double&,double&>(double &,double &)” funkcji szablon
          with
          [
              _Ty=SDL_FPoint
          ]
C:\Program Files\Microsoft Visual Studio\2022\Community\VC\Tools\MSVC\14.32.31326\include\vector(888): message : zobacz odwołanie do kompilowanego tworzenia wystąpienia „_Ty &std::vector<_Ty,std::allocator<_Ty>>::_Emplace_one_at_back<double&,double&>(double &,double &)” funkcji szablon
          with
          [
              _Ty=SDL_FPoint
          ]
C:\Users\macon\source\repos\Cpp\Conway's Game of Life\Conway's Game of Life\Renderer.h(23): message : zobacz odwołanie do kompilowanego tworzenia wystąpienia „_Ty &std::vector<_Ty,std::allocator<_Ty>>::emplace_back<double&,double&>(double &,double &)” funkcji szablon
          with
          [
              _Ty=SDL_FPoint
          ]
C:\Program Files\Microsoft Visual Studio\2022\Community\VC\Tools\MSVC\14.32.31326\include\xutility(149,77): warning C4244: "inicjowanie": konwersja z "double" do "float", możliwa utrata danych
C:\Program Files\Microsoft Visual Studio\2022\Community\VC\Tools\MSVC\14.32.31326\include\xmemory(680,68): warning C4244: "inicjowanie": konwersja z "double" do "float", możliwa utrata danych
C:\Program Files\Microsoft Visual Studio\2022\Community\VC\Tools\MSVC\14.32.31326\include\vector(836): message : zobacz odwołanie do kompilowanego tworzenia wystąpienia „void std::_Default_allocator_traits<_Alloc>::construct<_Ty,double&,double&>(_Alloc &,_Objty *const ,double &,double &)” funkcji szablon
          with
          [
              _Alloc=std::allocator<SDL_FPoint>,
              _Ty=SDL_FPoint,
              _Objty=SDL_FPoint
          ]
C:\Program Files\Microsoft Visual Studio\2022\Community\VC\Tools\MSVC\14.32.31326\include\vector(860): message : zobacz odwołanie do kompilowanego tworzenia wystąpienia „void std::_Default_allocator_traits<_Alloc>::construct<_Ty,double&,double&>(_Alloc &,_Objty *const ,double &,double &)” funkcji szablon
          with
          [
              _Alloc=std::allocator<SDL_FPoint>,
              _Ty=SDL_FPoint,
              _Objty=SDL_FPoint
          ]
C:\Program Files\Microsoft Visual Studio\2022\Community\VC\Tools\MSVC\14.32.31326\include\vector(800): message : zobacz odwołanie do kompilowanego tworzenia wystąpienia „SDL_FPoint *std::vector<SDL_FPoint,std::allocator<SDL_FPoint>>::_Emplace_reallocate<double&,double&>(SDL_FPoint *const ,double &,double &)” funkcji szablon
C:\Program Files\Microsoft Visual Studio\2022\Community\VC\Tools\MSVC\14.32.31326\include\vector(809): message : zobacz odwołanie do kompilowanego tworzenia wystąpienia „SDL_FPoint *std::vector<SDL_FPoint,std::allocator<SDL_FPoint>>::_Emplace_reallocate<double&,double&>(SDL_FPoint *const ,double &,double &)” funkcji szablon
C:\Program Files\Microsoft Visual Studio\2022\Community\VC\Tools\MSVC\14.32.31326\include\xutility(136,69): warning C4244: "inicjowanie": konwersja z "double" do "float", możliwa utrata danych
C:\Program Files\Microsoft Visual Studio\2022\Community\VC\Tools\MSVC\14.32.31326\include\xutility(142): message : zobacz odwołanie do kompilowanego tworzenia wystąpienia „_Ty *std::construct_at<_Ty,double&,double&,void>(_Ty *const ,double &,double &) noexcept” funkcji szablon
          with
          [
              _Ty=SDL_FPoint
          ]
C:\Program Files\Microsoft Visual Studio\2022\Community\VC\Tools\MSVC\14.32.31326\include\vector(813): message : zobacz odwołanie do kompilowanego tworzenia wystąpienia „void std::_Construct_in_place<SDL_FPoint,double&,double&>(_Ty &,double &,double &) noexcept” funkcji szablon
          with
          [
              _Ty=SDL_FPoint
          ]
  Conway's Game of Life.vcxproj -> C:\Users\macon\source\repos\Cpp\Conway's Game of Life\x64\Debug\Conway's Game of Life.exe
